t=0 1
t=1 1
t=2 1
t=3 1
t=4 1
t=5 1
t=6 1
t=7 1
t=8 1
t=9 1
t=10 1
t=11 1
t=12 1
t=13 1
t=14 1
t=15 1
t=16 1
t=17 1
t=18 1
t=19 1
t=20 1
t=21 1
t=22 1
t=23 1
t=24 1
t=25 1
t=26 1
t=27 1
t=28 1
t=29 1
t=30 1
t=31 1
t=32 1
t=33 1
t=34 1
t=35 1
t=36 1
t=37 1
t=38 1
t=39 1
t=40 1
t=41 1
t=42 1
t=43 1
t=44 1
t=45 1
t=46 1
t=47 1
t=48 1
t=49 1
t=50 1
t=51 1
t=52 1
t=53 1
t=54 1
t=55 2
t=56 3
t=57 4
t=58 5
t=59 6
t=60 7
t=61 8
t=62 9
t=63 10
t=64 10
t=65 10
t=66 10
